[debug] [2018-03-31T14:41:31.634Z] ----------------------------------------------------------------------
[debug] [2018-03-31T14:41:31.637Z] Command:       C:\Program Files\nodejs\node.exe C:\Users\Or\AppData\Roaming\npm\node_modules\firebase-tools\bin\firebase deploy
[debug] [2018-03-31T14:41:31.637Z] CLI Version:   3.17.7
[debug] [2018-03-31T14:41:31.637Z] Platform:      win32
[debug] [2018-03-31T14:41:31.637Z] Node Version:  v8.10.0
[debug] [2018-03-31T14:41:31.637Z] Time:          Sat Mar 31 2018 17:41:31 GMT+0300 (Jerusalem Daylight Time)
[debug] [2018-03-31T14:41:31.637Z] ----------------------------------------------------------------------
[debug] 
[debug] [2018-03-31T14:41:31.646Z] > command requires scopes: ["email","openid","https://www.googleapis.com/auth/cloudplatformprojects.readonly","https://www.googleapis.com/auth/firebase","https://www.googleapis.com/auth/cloud-platform"]
[debug] [2018-03-31T14:41:31.646Z] > authorizing via signed-in user
[debug] [2018-03-31T14:41:31.648Z] >>> HTTP REQUEST GET https://admin.firebase.com/v1/projects/shapira-pro  
  
 Sat Mar 31 2018 17:41:31 GMT+0300 (Jerusalem Daylight Time)
[debug] [2018-03-31T14:41:32.654Z] <<< HTTP RESPONSE 200
[debug] [2018-03-31T14:41:32.656Z] >>> HTTP REQUEST GET https://admin.firebase.com/v1/database/shapira-pro/tokens  
  
 Sat Mar 31 2018 17:41:32 GMT+0300 (Jerusalem Daylight Time)
[debug] [2018-03-31T14:41:33.504Z] <<< HTTP RESPONSE 200
[info] 
[info] === Deploying to 'shapira-pro'...
[info] 
[info] i  deploying hosting
[info] i  hosting: preparing build directory for upload...
[debug] [2018-03-31T14:41:52.061Z] >>> HTTP REQUEST PUT https://deploy.firebase.com/v1/hosting/shapira-pro/uploads/-L8wV0SewlLbgqOL0544?fileCount=547&message=  
  
 Sat Mar 31 2018 17:41:52 GMT+0300 (Jerusalem Daylight Time)
[debug] [2018-03-31T15:49:32.924Z] <<< HTTP RESPONSE 401
[debug] [2018-03-31T15:49:32.925Z] <<< HTTP RESPONSE BODY undefined
[debug] [2018-03-31T15:49:32.928Z] TypeError: Cannot read property 'error' of undefined
    at module.exports (C:\Users\Or\AppData\Roaming\npm\node_modules\firebase-tools\lib\responseToError.js:10:13)
    at Request._callback (C:\Users\Or\AppData\Roaming\npm\node_modules\firebase-tools\lib\api.js:45:25)
    at Request.self.callback (C:\Users\Or\AppData\Roaming\npm\node_modules\firebase-tools\node_modules\request\request.js:186:22)
    at emitTwo (events.js:126:13)
    at Request.emit (events.js:214:7)
    at Request.<anonymous> (C:\Users\Or\AppData\Roaming\npm\node_modules\firebase-tools\node_modules\request\request.js:1163:10)
    at emitOne (events.js:116:13)
    at Request.emit (events.js:211:7)
    at IncomingMessage.<anonymous> (C:\Users\Or\AppData\Roaming\npm\node_modules\firebase-tools\node_modules\request\request.js:1085:12)
    at Object.onceWrapper (events.js:313:30)
[error] 
[error] Error: An unexpected error has occurred.
[debug] [2018-03-31T16:53:14.572Z] ----------------------------------------------------------------------
[debug] [2018-03-31T16:53:14.574Z] Command:       C:\Program Files\nodejs\node.exe C:\Users\Or\AppData\Roaming\npm\node_modules\firebase-tools\bin\firebase deploy
[debug] [2018-03-31T16:53:14.575Z] CLI Version:   3.17.7
[debug] [2018-03-31T16:53:14.575Z] Platform:      win32
[debug] [2018-03-31T16:53:14.575Z] Node Version:  v8.10.0
[debug] [2018-03-31T16:53:14.575Z] Time:          Sat Mar 31 2018 19:53:14 GMT+0300 (Jerusalem Daylight Time)
[debug] [2018-03-31T16:53:14.575Z] ----------------------------------------------------------------------
[debug] 
[debug] [2018-03-31T16:53:14.614Z] > command requires scopes: ["email","openid","https://www.googleapis.com/auth/cloudplatformprojects.readonly","https://www.googleapis.com/auth/firebase","https://www.googleapis.com/auth/cloud-platform"]
[debug] [2018-03-31T16:53:14.615Z] > authorizing via signed-in user
[debug] [2018-03-31T16:53:14.617Z] > refreshing access token with scopes: ["email","https://www.googleapis.com/auth/cloud-platform","https://www.googleapis.com/auth/cloudplatformprojects.readonly","https://www.googleapis.com/auth/firebase","openid"]
[debug] [2018-03-31T16:53:14.617Z] >>> HTTP REQUEST POST https://www.googleapis.com/oauth2/v3/token  
 { refresh_token: '1/plflhEH8cCtqBONyikpzXEaspW_E8VqtefpWJPQZKGg',
  client_id: '563584335869-fgrhgmd47bqnekij5i8b5pr03ho849e6.apps.googleusercontent.com',
  client_secret: 'j9iVZfS8kkCEFUPaAeJV0sAi',
  grant_type: 'refresh_token',
  scope: 'email https://www.googleapis.com/auth/cloud-platform https://www.googleapis.com/auth/cloudplatformprojects.readonly https://www.googleapis.com/auth/firebase openid' } 
 Sat Mar 31 2018 19:53:14 GMT+0300 (Jerusalem Daylight Time)
[debug] [2018-03-31T16:53:15.232Z] <<< HTTP RESPONSE 200
[debug] [2018-03-31T16:53:15.254Z] >>> HTTP REQUEST GET https://admin.firebase.com/v1/projects/shapira-pro  
  
 Sat Mar 31 2018 19:53:15 GMT+0300 (Jerusalem Daylight Time)
[debug] [2018-03-31T16:53:16.243Z] <<< HTTP RESPONSE 200
[debug] [2018-03-31T16:53:16.244Z] >>> HTTP REQUEST GET https://admin.firebase.com/v1/database/shapira-pro/tokens  
  
 Sat Mar 31 2018 19:53:16 GMT+0300 (Jerusalem Daylight Time)
[debug] [2018-03-31T16:53:17.034Z] <<< HTTP RESPONSE 200
[info] 
[info] === Deploying to 'shapira-pro'...
[info] 
[info] i  deploying hosting
[info] i  hosting: preparing build directory for upload...
[debug] [2018-03-31T16:53:31.310Z] >>> HTTP REQUEST PUT https://deploy.firebase.com/v1/hosting/shapira-pro/uploads/-L8wyA1UbYSwdUwWlyN7?fileCount=459&message=  
  
 Sat Mar 31 2018 19:53:31 GMT+0300 (Jerusalem Daylight Time)
[debug] [2018-03-31T17:28:36.277Z] ----------------------------------------------------------------------
[debug] [2018-03-31T17:28:36.280Z] Command:       C:\Program Files\nodejs\node.exe C:\Users\Or\AppData\Roaming\npm\node_modules\firebase-tools\bin\firebase deploy
[debug] [2018-03-31T17:28:36.280Z] CLI Version:   3.17.7
[debug] [2018-03-31T17:28:36.280Z] Platform:      win32
[debug] [2018-03-31T17:28:36.280Z] Node Version:  v8.10.0
[debug] [2018-03-31T17:28:36.280Z] Time:          Sat Mar 31 2018 20:28:36 GMT+0300 (Jerusalem Daylight Time)
[debug] [2018-03-31T17:28:36.280Z] ----------------------------------------------------------------------
[debug] 
[debug] [2018-03-31T17:28:36.288Z] > command requires scopes: ["email","openid","https://www.googleapis.com/auth/cloudplatformprojects.readonly","https://www.googleapis.com/auth/firebase","https://www.googleapis.com/auth/cloud-platform"]
[debug] [2018-03-31T17:28:36.288Z] > authorizing via signed-in user
[debug] [2018-03-31T17:28:36.290Z] >>> HTTP REQUEST GET https://admin.firebase.com/v1/projects/shapira-pro  
  
 Sat Mar 31 2018 20:28:36 GMT+0300 (Jerusalem Daylight Time)
[debug] [2018-03-31T17:28:37.281Z] <<< HTTP RESPONSE 200
[debug] [2018-03-31T17:28:37.284Z] >>> HTTP REQUEST GET https://admin.firebase.com/v1/database/shapira-pro/tokens  
  
 Sat Mar 31 2018 20:28:37 GMT+0300 (Jerusalem Daylight Time)
[debug] [2018-03-31T17:28:38.066Z] <<< HTTP RESPONSE 200
[info] 
[info] === Deploying to 'shapira-pro'...
[info] 
[info] i  deploying hosting
[info] i  hosting: preparing build directory for upload...
[debug] [2018-03-31T17:28:50.044Z] >>> HTTP REQUEST PUT https://deploy.firebase.com/v1/hosting/shapira-pro/uploads/-L8x5FqjAbxUfMRF7PoH?fileCount=397&message=  
  
 Sat Mar 31 2018 20:28:50 GMT+0300 (Jerusalem Daylight Time)
[debug] [2018-03-31T17:30:54.313Z] Error: write ECONNRESET
    at _errnoException (util.js:1022:11)
    at WriteWrap.afterWrite [as oncomplete] (net.js:880:14)
[error] 
[error] Error: Server Error. write ECONNRESET
[debug] [2018-03-31T21:34:14.789Z] ----------------------------------------------------------------------
[debug] [2018-03-31T21:34:14.791Z] Command:       C:\Program Files\nodejs\node.exe C:\Users\Or\AppData\Roaming\npm\node_modules\firebase-tools\bin\firebase deploy
[debug] [2018-03-31T21:34:14.791Z] CLI Version:   3.17.7
[debug] [2018-03-31T21:34:14.791Z] Platform:      win32
[debug] [2018-03-31T21:34:14.791Z] Node Version:  v8.10.0
[debug] [2018-03-31T21:34:14.792Z] Time:          Sun Apr 01 2018 00:34:14 GMT+0300 (Jerusalem Daylight Time)
[debug] [2018-03-31T21:34:14.792Z] ----------------------------------------------------------------------
[debug] 
[debug] [2018-03-31T21:34:14.800Z] > command requires scopes: ["email","openid","https://www.googleapis.com/auth/cloudplatformprojects.readonly","https://www.googleapis.com/auth/firebase","https://www.googleapis.com/auth/cloud-platform"]
[debug] [2018-03-31T21:34:14.801Z] > authorizing via signed-in user
[debug] [2018-03-31T21:34:14.802Z] > refreshing access token with scopes: ["email","https://www.googleapis.com/auth/cloud-platform","https://www.googleapis.com/auth/cloudplatformprojects.readonly","https://www.googleapis.com/auth/firebase","openid"]
[debug] [2018-03-31T21:34:14.802Z] >>> HTTP REQUEST POST https://www.googleapis.com/oauth2/v3/token  
 { refresh_token: '1/plflhEH8cCtqBONyikpzXEaspW_E8VqtefpWJPQZKGg',
  client_id: '563584335869-fgrhgmd47bqnekij5i8b5pr03ho849e6.apps.googleusercontent.com',
  client_secret: 'j9iVZfS8kkCEFUPaAeJV0sAi',
  grant_type: 'refresh_token',
  scope: 'email https://www.googleapis.com/auth/cloud-platform https://www.googleapis.com/auth/cloudplatformprojects.readonly https://www.googleapis.com/auth/firebase openid' } 
 Sun Apr 01 2018 00:34:14 GMT+0300 (Jerusalem Daylight Time)
[debug] [2018-03-31T21:34:15.331Z] <<< HTTP RESPONSE 200
[debug] [2018-03-31T21:34:15.360Z] >>> HTTP REQUEST GET https://admin.firebase.com/v1/projects/shapira-pro  
  
 Sun Apr 01 2018 00:34:15 GMT+0300 (Jerusalem Daylight Time)
[debug] [2018-03-31T21:34:16.325Z] <<< HTTP RESPONSE 200
[debug] [2018-03-31T21:34:16.327Z] >>> HTTP REQUEST GET https://admin.firebase.com/v1/database/shapira-pro/tokens  
  
 Sun Apr 01 2018 00:34:16 GMT+0300 (Jerusalem Daylight Time)
[debug] [2018-03-31T21:34:17.046Z] <<< HTTP RESPONSE 200
[info] 
[info] === Deploying to 'shapira-pro'...
[info] 
[info] i  deploying hosting
[info] i  hosting: preparing build directory for upload...
[debug] [2018-03-31T21:34:29.806Z] >>> HTTP REQUEST PUT https://deploy.firebase.com/v1/hosting/shapira-pro/uploads/-L8xyUCm_2igMwuh0Cv-?fileCount=397&message=  
  
 Sun Apr 01 2018 00:34:29 GMT+0300 (Jerusalem Daylight Time)
[debug] [2018-03-31T21:53:07.055Z] ----------------------------------------------------------------------
[debug] [2018-03-31T21:53:07.058Z] Command:       C:\Program Files\nodejs\node.exe C:\Users\Or\AppData\Roaming\npm\node_modules\firebase-tools\bin\firebase deploy
[debug] [2018-03-31T21:53:07.058Z] CLI Version:   3.17.7
[debug] [2018-03-31T21:53:07.058Z] Platform:      win32
[debug] [2018-03-31T21:53:07.058Z] Node Version:  v8.10.0
[debug] [2018-03-31T21:53:07.058Z] Time:          Sun Apr 01 2018 00:53:07 GMT+0300 (Jerusalem Daylight Time)
[debug] [2018-03-31T21:53:07.058Z] ----------------------------------------------------------------------
[debug] 
[debug] [2018-03-31T21:53:07.067Z] > command requires scopes: ["email","openid","https://www.googleapis.com/auth/cloudplatformprojects.readonly","https://www.googleapis.com/auth/firebase","https://www.googleapis.com/auth/cloud-platform"]
[debug] [2018-03-31T21:53:07.067Z] > authorizing via signed-in user
[debug] [2018-03-31T21:53:07.069Z] >>> HTTP REQUEST GET https://admin.firebase.com/v1/projects/shapira-pro  
  
 Sun Apr 01 2018 00:53:07 GMT+0300 (Jerusalem Daylight Time)
[debug] [2018-03-31T21:53:08.432Z] <<< HTTP RESPONSE 200
[debug] [2018-03-31T21:53:08.434Z] >>> HTTP REQUEST GET https://admin.firebase.com/v1/database/shapira-pro/tokens  
  
 Sun Apr 01 2018 00:53:08 GMT+0300 (Jerusalem Daylight Time)
[debug] [2018-03-31T21:53:09.198Z] <<< HTTP RESPONSE 200
[info] 
[info] === Deploying to 'shapira-pro'...
[info] 
[info] i  deploying hosting
[info] i  hosting: preparing build directory for upload...
[debug] [2018-03-31T21:53:20.335Z] >>> HTTP REQUEST PUT https://deploy.firebase.com/v1/hosting/shapira-pro/uploads/-L8y1nbsoIWoLFPWNJ93?fileCount=397&message=  
  
 Sun Apr 01 2018 00:53:20 GMT+0300 (Jerusalem Daylight Time)
[debug] [2018-03-31T22:11:30.222Z] ----------------------------------------------------------------------
[debug] [2018-03-31T22:11:30.224Z] Command:       C:\Program Files\nodejs\node.exe C:\Users\Or\AppData\Roaming\npm\node_modules\firebase-tools\bin\firebase deploy
[debug] [2018-03-31T22:11:30.225Z] CLI Version:   3.17.7
[debug] [2018-03-31T22:11:30.225Z] Platform:      win32
[debug] [2018-03-31T22:11:30.225Z] Node Version:  v8.10.0
[debug] [2018-03-31T22:11:30.225Z] Time:          Sun Apr 01 2018 01:11:30 GMT+0300 (Jerusalem Daylight Time)
[debug] [2018-03-31T22:11:30.225Z] ----------------------------------------------------------------------
[debug] 
[debug] [2018-03-31T22:11:30.234Z] > command requires scopes: ["email","openid","https://www.googleapis.com/auth/cloudplatformprojects.readonly","https://www.googleapis.com/auth/firebase","https://www.googleapis.com/auth/cloud-platform"]
[debug] [2018-03-31T22:11:30.234Z] > authorizing via signed-in user
[debug] [2018-03-31T22:11:30.236Z] >>> HTTP REQUEST GET https://admin.firebase.com/v1/projects/shapira-pro  
  
 Sun Apr 01 2018 01:11:30 GMT+0300 (Jerusalem Daylight Time)
[debug] [2018-03-31T22:11:31.234Z] <<< HTTP RESPONSE 200
[debug] [2018-03-31T22:11:31.236Z] >>> HTTP REQUEST GET https://admin.firebase.com/v1/database/shapira-pro/tokens  
  
 Sun Apr 01 2018 01:11:31 GMT+0300 (Jerusalem Daylight Time)
[debug] [2018-03-31T22:11:32.012Z] <<< HTTP RESPONSE 200
[info] 
[info] === Deploying to 'shapira-pro'...
[info] 
[info] i  deploying hosting
[info] i  hosting: preparing build directory for upload...
[debug] [2018-03-31T22:11:41.291Z] >>> HTTP REQUEST PUT https://deploy.firebase.com/v1/hosting/shapira-pro/uploads/-L8y6-qcLyS0E6hCoWPi?fileCount=343&message=  
  
 Sun Apr 01 2018 01:11:41 GMT+0300 (Jerusalem Daylight Time)
[debug] [2018-03-31T22:40:35.216Z] <<< HTTP RESPONSE 401
[debug] [2018-03-31T22:40:35.216Z] <<< HTTP RESPONSE BODY undefined
[debug] [2018-03-31T22:40:35.219Z] TypeError: Cannot read property 'error' of undefined
    at module.exports (C:\Users\Or\AppData\Roaming\npm\node_modules\firebase-tools\lib\responseToError.js:10:13)
    at Request._callback (C:\Users\Or\AppData\Roaming\npm\node_modules\firebase-tools\lib\api.js:45:25)
    at Request.self.callback (C:\Users\Or\AppData\Roaming\npm\node_modules\firebase-tools\node_modules\request\request.js:186:22)
    at emitTwo (events.js:126:13)
    at Request.emit (events.js:214:7)
    at Request.<anonymous> (C:\Users\Or\AppData\Roaming\npm\node_modules\firebase-tools\node_modules\request\request.js:1163:10)
    at emitOne (events.js:116:13)
    at Request.emit (events.js:211:7)
    at IncomingMessage.<anonymous> (C:\Users\Or\AppData\Roaming\npm\node_modules\firebase-tools\node_modules\request\request.js:1085:12)
    at Object.onceWrapper (events.js:313:30)
[error] 
[error] Error: An unexpected error has occurred.
